D:\PARTICLES\PARTICLES\DEBUG\CUBE.OBJ
D:\PARTICLES\PARTICLES\DEBUG\MAIN.OBJ
D:\PARTICLES\PARTICLES\DEBUG\MYCAMERA.OBJ
D:\PARTICLES\PARTICLES\DEBUG\SHADERFACTORY.OBJ
D:\PARTICLES\PARTICLES\DEBUG\VC110.PDB
D:\PARTICLES\DEBUG\PARTICLES.ILK
D:\PARTICLES\DEBUG\PARTICLES.EXE
D:\PARTICLES\DEBUG\PARTICLES.PDB
D:\Particles\Particles\Debug\Cube.obj
D:\Particles\Particles\Debug\Main.obj
D:\Particles\Particles\Debug\MyCamera.obj
D:\Particles\Particles\Debug\ShaderFactory.obj
D:\Particles\Particles\Debug\cl.command.1.tlog
D:\Particles\Particles\Debug\CL.read.1.tlog
D:\Particles\Particles\Debug\CL.write.1.tlog
D:\Particles\Particles\Debug\link-cvtres.read.1.tlog
D:\Particles\Particles\Debug\link-cvtres.write.1.tlog
D:\Particles\Particles\Debug\link-rc.read.1.tlog
D:\Particles\Particles\Debug\link-rc.write.1.tlog
D:\Particles\Particles\Debug\link.command.1.tlog
D:\Particles\Particles\Debug\link.read.1.tlog
D:\Particles\Particles\Debug\link.write.1.tlog
D:\Particles\Particles\Debug\vc110.idb
D:\Particles\Particles\Debug\vc110.pdb
D:\Particles\Debug\Particles.pdb
D:\Particles\Debug\Particles.exe
D:\Particles\Debug\Particles.ilk
