\\BANNER.MAIN.AD.RIT.EDU\STUDENTS\TJM9563\IGMPROFILE\DESKTOP\CLASSES\SPRING 2014\DSA2\PARTICLES\PARTICLES\DEBUG\MAIN.OBJ
\\BANNER.MAIN.AD.RIT.EDU\STUDENTS\TJM9563\IGMPROFILE\DESKTOP\CLASSES\SPRING 2014\DSA2\PARTICLES\PARTICLES\DEBUG\SHADERFACTORY.OBJ
\\BANNER.MAIN.AD.RIT.EDU\STUDENTS\TJM9563\IGMPROFILE\DESKTOP\CLASSES\SPRING 2014\DSA2\PARTICLES\PARTICLES\DEBUG\VC110.PDB
\\BANNER.MAIN.AD.RIT.EDU\STUDENTS\TJM9563\IGMPROFILE\DESKTOP\CLASSES\SPRING 2014\DSA2\PARTICLES\DEBUG\PARTICLES.ILK
\\BANNER.MAIN.AD.RIT.EDU\STUDENTS\TJM9563\IGMPROFILE\DESKTOP\CLASSES\SPRING 2014\DSA2\PARTICLES\DEBUG\PARTICLES.EXE
\\BANNER.MAIN.AD.RIT.EDU\STUDENTS\TJM9563\IGMPROFILE\DESKTOP\CLASSES\SPRING 2014\DSA2\PARTICLES\DEBUG\PARTICLES.PDB
\\banner.main.ad.rit.edu\students\tjm9563\IGMProfile\Desktop\Classes\Spring 2014\DSA2\Particles\Particles\Debug\Main.obj
\\banner.main.ad.rit.edu\students\tjm9563\IGMProfile\Desktop\Classes\Spring 2014\DSA2\Particles\Particles\Debug\ShaderFactory.obj
\\banner.main.ad.rit.edu\students\tjm9563\IGMProfile\Desktop\Classes\Spring 2014\DSA2\Particles\Particles\Debug\CL.read.1.tlog
\\banner.main.ad.rit.edu\students\tjm9563\IGMProfile\Desktop\Classes\Spring 2014\DSA2\Particles\Particles\Debug\CL.write.1.tlog
\\banner.main.ad.rit.edu\students\tjm9563\IGMProfile\Desktop\Classes\Spring 2014\DSA2\Particles\Particles\Debug\cl.command.1.tlog
\\banner.main.ad.rit.edu\students\tjm9563\IGMProfile\Desktop\Classes\Spring 2014\DSA2\Particles\Particles\Debug\link-rc.read.1.tlog
\\banner.main.ad.rit.edu\students\tjm9563\IGMProfile\Desktop\Classes\Spring 2014\DSA2\Particles\Particles\Debug\link-rc.write.1.tlog
\\banner.main.ad.rit.edu\students\tjm9563\IGMProfile\Desktop\Classes\Spring 2014\DSA2\Particles\Particles\Debug\link-cvtres.read.1.tlog
\\banner.main.ad.rit.edu\students\tjm9563\IGMProfile\Desktop\Classes\Spring 2014\DSA2\Particles\Particles\Debug\link-cvtres.write.1.tlog
\\banner.main.ad.rit.edu\students\tjm9563\IGMProfile\Desktop\Classes\Spring 2014\DSA2\Particles\Particles\Debug\link.read.1.tlog
\\banner.main.ad.rit.edu\students\tjm9563\IGMProfile\Desktop\Classes\Spring 2014\DSA2\Particles\Particles\Debug\link.write.1.tlog
\\banner.main.ad.rit.edu\students\tjm9563\IGMProfile\Desktop\Classes\Spring 2014\DSA2\Particles\Particles\Debug\link.command.1.tlog
\\banner.main.ad.rit.edu\students\tjm9563\IGMProfile\Desktop\Classes\Spring 2014\DSA2\Particles\Particles\Debug\vc110.idb
\\banner.main.ad.rit.edu\students\tjm9563\IGMProfile\Desktop\Classes\Spring 2014\DSA2\Particles\Particles\Debug\vc110.pdb
\\banner.main.ad.rit.edu\students\tjm9563\IGMProfile\Desktop\Classes\Spring 2014\DSA2\Particles\Debug\Particles.pdb
\\banner.main.ad.rit.edu\students\tjm9563\IGMProfile\Desktop\Classes\Spring 2014\DSA2\Particles\Debug\Particles.exe
\\banner.main.ad.rit.edu\students\tjm9563\IGMProfile\Desktop\Classes\Spring 2014\DSA2\Particles\Debug\Particles.ilk
